2025-11-20 15:21:00 | DEBUG | repo=arquillian-phantom-binary | action=pull
2025-01-27 07:24:00 | DEBUG | repo=arquillian-phantom-binary | action=commit
2025-01-07 13:49:00 | WARN | repo=arquillian-phantom-binary | action=commit
2025-11-14 12:37:00 | INFO | repo=arquillian-phantom-binary | action=commit
2025-10-16 14:48:00 | WARN | repo=arquillian-phantom-binary | action=commit
2025-07-14 07:17:00 | DEBUG | repo=arquillian-phantom-binary | action=test | passed=true
2025-04-12 09:33:00 | INFO | repo=arquillian-phantom-binary | action=commit
2025-08-10 15:15:00 | INFO | repo=arquillian-phantom-binary | action=commit
2025-12-19 11:30:00 | DEBUG | repo=arquillian-phantom-binary | action=commit
2025-08-01 09:11:00 | INFO | repo=arquillian-phantom-binary | action=commit
2025-01-20 16:56:00 | INFO | repo=arquillian-phantom-binary | action=edit | files=3
2025-06-02 16:57:00 | INFO | repo=arquillian-phantom-binary | action=commit
2025-02-23 20:09:00 | DEBUG | repo=arquillian-phantom-binary | action=edit | files=3
2025-08-13 20:21:00 | DEBUG | repo=arquillian-phantom-binary | action=commit
2025-04-01 08:31:00 | INFO | repo=arquillian-phantom-binary | action=commit
2025-06-23 12:43:00 | WARN | repo=arquillian-phantom-binary | action=commit
2025-03-02 19:45:00 | INFO | repo=arquillian-phantom-binary | action=commit
2025-07-25 18:42:00 | DEBUG | repo=arquillian-phantom-binary | action=commit
2025-12-19 20:24:00 | DEBUG | repo=arquillian-phantom-binary | action=commit
2025-02-11 20:28:00 | WARN | repo=arquillian-phantom-binary | action=edit | files=2
2025-01-24 21:18:00 | INFO | repo=arquillian-phantom-binary | action=commit
2025-06-02 18:01:00 | INFO | repo=arquillian-phantom-binary | action=commit
2025-06-20 20:32:00 | INFO | repo=arquillian-phantom-binary | action=pull
2025-06-05 11:09:00 | DEBUG | repo=arquillian-phantom-binary | action=commit
2025-07-07 19:30:00 | WARN | repo=arquillian-phantom-binary | action=test | passed=true
2025-09-14 18:34:00 | WARN | repo=arquillian-phantom-binary | action=commit
2025-11-24 09:47:00 | DEBUG | repo=arquillian-phantom-binary | action=commit
2025-01-14 20:08:00 | WARN | repo=arquillian-phantom-binary | action=test | passed=true
2025-09-20 18:24:00 | INFO | repo=arquillian-phantom-binary | action=commit
2025-02-14 10:07:00 | DEBUG | repo=arquillian-phantom-binary | action=commit
2025-03-11 07:20:00 | DEBUG | repo=arquillian-phantom-binary | action=commit
2025-07-14 08:10:00 | DEBUG | repo=arquillian-phantom-binary | action=commit
2025-02-13 16:43:00 | DEBUG | repo=arquillian-phantom-binary | action=edit | files=5
2025-03-14 10:02:00 | DEBUG | repo=arquillian-phantom-binary | action=commit
2025-10-20 08:08:00 | WARN | repo=arquillian-phantom-binary | action=edit | files=2
2025-11-22 18:01:00 | INFO | repo=arquillian-phantom-binary | action=commit
2025-09-04 10:56:00 | WARN | repo=arquillian-phantom-binary | action=edit | files=4
2025-07-10 21:05:00 | WARN | repo=arquillian-phantom-binary | action=commit
2025-09-24 10:58:00 | DEBUG | repo=arquillian-phantom-binary | action=commit
2025-06-09 09:34:00 | DEBUG | repo=arquillian-phantom-binary | action=test | passed=true
2025-10-04 10:39:00 | WARN | repo=arquillian-phantom-binary | action=commit
2025-02-05 14:41:00 | DEBUG | repo=arquillian-phantom-binary | action=edit | files=4
2025-11-03 14:32:00 | INFO | repo=arquillian-phantom-binary | action=commit
2025-04-13 11:58:00 | DEBUG | repo=arquillian-phantom-binary | action=commit
2025-07-21 17:59:00 | INFO | repo=arquillian-phantom-binary | action=commit
2025-09-19 17:54:00 | INFO | repo=arquillian-phantom-binary | action=commit
2025-07-19 13:21:00 | WARN | repo=arquillian-phantom-binary | action=commit
2025-01-25 18:59:00 | WARN | repo=arquillian-phantom-binary | action=pull
2025-10-17 18:09:00 | DEBUG | repo=arquillian-phantom-binary | action=commit
2025-12-16 07:17:00 | INFO | repo=arquillian-phantom-binary | action=commit
